Performing C SOURCE FILE Test CMAKE_HAVE_LIBC_PTHREAD failed with the following output:
Change Dir: /home/sugarong/work/YOLOv8_RK3588_object_detect/build_aarch64/CMakeFiles/CMakeTmp

Run Build Command(s):/usr/bin/gmake -f Makefile cmTC_8e1b1/fast && /usr/bin/gmake  -f CMakeFiles/cmTC_8e1b1.dir/build.make CMakeFiles/cmTC_8e1b1.dir/build
gmake[1]: Entering directory '/home/sugarong/work/YOLOv8_RK3588_object_detect/build_aarch64/CMakeFiles/CMakeTmp'
Building C object CMakeFiles/cmTC_8e1b1.dir/src.c.o
/home/sugarong/gcc-arm-10.3-2021.07-x86_64-aarch64-none-linux-gnu/bin/aarch64-none-linux-gnu-gcc -DCMAKE_HAVE_LIBC_PTHREAD   -o CMakeFiles/cmTC_8e1b1.dir/src.c.o -c /home/sugarong/work/YOLOv8_RK3588_object_detect/build_aarch64/CMakeFiles/CMakeTmp/src.c
Linking C executable cmTC_8e1b1
/usr/bin/cmake -E cmake_link_script CMakeFiles/cmTC_8e1b1.dir/link.txt --verbose=1
/home/sugarong/gcc-arm-10.3-2021.07-x86_64-aarch64-none-linux-gnu/bin/aarch64-none-linux-gnu-gcc CMakeFiles/cmTC_8e1b1.dir/src.c.o -o cmTC_8e1b1 
/home/sugarong/gcc-arm-10.3-2021.07-x86_64-aarch64-none-linux-gnu/bin/../lib/gcc/aarch64-none-linux-gnu/10.3.1/../../../../aarch64-none-linux-gnu/bin/ld: CMakeFiles/cmTC_8e1b1.dir/src.c.o: in function `main':
src.c:(.text+0x34): undefined reference to `pthread_create'
/home/sugarong/gcc-arm-10.3-2021.07-x86_64-aarch64-none-linux-gnu/bin/../lib/gcc/aarch64-none-linux-gnu/10.3.1/../../../../aarch64-none-linux-gnu/bin/ld: src.c:(.text+0x3c): undefined reference to `pthread_detach'
/home/sugarong/gcc-arm-10.3-2021.07-x86_64-aarch64-none-linux-gnu/bin/../lib/gcc/aarch64-none-linux-gnu/10.3.1/../../../../aarch64-none-linux-gnu/bin/ld: src.c:(.text+0x44): undefined reference to `pthread_cancel'
/home/sugarong/gcc-arm-10.3-2021.07-x86_64-aarch64-none-linux-gnu/bin/../lib/gcc/aarch64-none-linux-gnu/10.3.1/../../../../aarch64-none-linux-gnu/bin/ld: src.c:(.text+0x50): undefined reference to `pthread_join'
collect2: error: ld returned 1 exit status
gmake[1]: *** [CMakeFiles/cmTC_8e1b1.dir/build.make:99: cmTC_8e1b1] Error 1
gmake[1]: Leaving directory '/home/sugarong/work/YOLOv8_RK3588_object_detect/build_aarch64/CMakeFiles/CMakeTmp'
gmake: *** [Makefile:127: cmTC_8e1b1/fast] Error 2


Source file was:
#include <pthread.h>

static void* test_func(void* data)
{
  return data;
}

int main(void)
{
  pthread_t thread;
  pthread_create(&thread, NULL, test_func, NULL);
  pthread_detach(thread);
  pthread_cancel(thread);
  pthread_join(thread, NULL);
  pthread_atfork(NULL, NULL, NULL);
  pthread_exit(NULL);

  return 0;
}

